<?xml version="1.0" encoding="UTF-8"?>
<!-- Generated by org.testng.reporters.JUnitReportReporter -->
<testsuite skipped="0" hostname="DESKTOP-FVP6106" name="com.w2a.testcases.LoginTest" tests="1" failures="0" timestamp="04 Jun 2019 09:44:04 GMT" time="4.282" errors="0">
  <testcase name="loginTest" time="4.282" classname="com.w2a.testcases.LoginTest"/>
</testsuite> <!-- com.w2a.testcases.LoginTest -->
