<?xml version="1.0" encoding="UTF-8"?>
<!-- Generated by org.testng.reporters.JUnitReportReporter -->
<testsuite skipped="0" hostname="DESKTOP-FVP6106" name="com.w2a.testcases.LoginTest" tests="1" failures="0" timestamp="06 Jun 2019 02:00:31 GMT" time="3.514" errors="0">
  <testcase name="loginTest" time="3.514" classname="com.w2a.testcases.LoginTest"/>
</testsuite> <!-- com.w2a.testcases.LoginTest -->
